<?xml version="1.0" encoding="UTF-8"?>
<!-- Generated by org.testng.reporters.JUnitReportReporter -->
<testsuite skipped="0" hostname="LAPTOP-0GOEB7AF" name="com.AutomationTasks.demoProject1.TestCase1" tests="3" failures="0" timestamp="25 Feb 2021 22:03:06 GMT" time="30.330" errors="0">
  <testcase name="Test1" time="10.381" classname="com.AutomationTasks.demoProject1.TestCase1"/>
  <testcase name="Test12" time="11.095" classname="com.AutomationTasks.demoProject1.TestCase1"/>
  <testcase name="Test3" time="8.854" classname="com.AutomationTasks.demoProject1.TestCase1"/>
</testsuite> <!-- com.AutomationTasks.demoProject1.TestCase1 -->
