<?xml version="1.0" encoding="UTF-8"?>
<!-- Generated by org.testng.reporters.JUnitReportReporter -->
<testsuite skipped="0" hostname="LAPTOP-0GOEB7AF" name="com.AutomationTasks.demoProject1.TestCase1" tests="3" failures="0" timestamp="25 Feb 2021 22:12:27 GMT" time="31.625" errors="0">
  <testcase name="Test3" time="12.308" classname="com.AutomationTasks.demoProject1.TestCase1"/>
  <testcase name="Test1" time="9.457" classname="com.AutomationTasks.demoProject1.TestCase1"/>
  <testcase name="Test12" time="9.860" classname="com.AutomationTasks.demoProject1.TestCase1"/>
</testsuite> <!-- com.AutomationTasks.demoProject1.TestCase1 -->
